c:\users\andrés\documents\github\-ig2-\ig2app\release\vc143.pdb
c:\users\andrés\documents\github\-ig2-\ig2app\release\wall.obj
c:\users\andrés\documents\github\-ig2-\ig2app\release\pearl.obj
c:\users\andrés\documents\github\-ig2-\ig2app\release\ogreheadintro.obj
c:\users\andrés\documents\github\-ig2-\ig2app\release\masterenemy.obj
c:\users\andrés\documents\github\-ig2-\ig2app\release\labyrinth.obj
c:\users\andrés\documents\github\-ig2-\ig2app\release\intro.obj
c:\users\andrés\documents\github\-ig2-\ig2app\release\ig2object.obj
c:\users\andrés\documents\github\-ig2-\ig2app\release\ig2app.obj
c:\users\andrés\documents\github\-ig2-\ig2app\release\ig2main.obj
c:\users\andrés\documents\github\-ig2-\ig2app\release\ig2applicationcontext.obj
c:\users\andrés\documents\github\-ig2-\ig2app\release\herointro.obj
c:\users\andrés\documents\github\-ig2-\ig2app\release\hero.obj
c:\users\andrés\documents\github\-ig2-\ig2app\release\enemy.obj
c:\users\andrés\documents\github\-ig2-\ig2app\release\character.obj
c:\users\andrés\documents\github\-ig2-\ig2app\release\block.obj
c:\users\andrés\documents\github\-ig2-\bin\ig2apprelease.exe
c:\users\andrés\documents\github\-ig2-\bin\ig2apprelease.pdb
c:\users\andrés\documents\github\-ig2-\ig2app\release\ig2apprelease.ipdb
c:\users\andrés\documents\github\-ig2-\ig2app\release\ig2apprelease.iobj
c:\users\andrés\documents\github\-ig2-\ig2app\release\ig2app.tlog\cl.command.1.tlog
c:\users\andrés\documents\github\-ig2-\ig2app\release\ig2app.tlog\cl.items.tlog
c:\users\andrés\documents\github\-ig2-\ig2app\release\ig2app.tlog\cl.read.1.tlog
c:\users\andrés\documents\github\-ig2-\ig2app\release\ig2app.tlog\cl.write.1.tlog
c:\users\andrés\documents\github\-ig2-\ig2app\release\ig2app.tlog\link.command.1.tlog
c:\users\andrés\documents\github\-ig2-\ig2app\release\ig2app.tlog\link.read.1.tlog
c:\users\andrés\documents\github\-ig2-\ig2app\release\ig2app.tlog\link.secondary.1.tlog
c:\users\andrés\documents\github\-ig2-\ig2app\release\ig2app.tlog\link.write.1.tlog
